Heap:
 PSYoungGen      total 354304K, used 239116K [0x00000000e0000000, 0x0000000100000000, 0x0000000100000000)
  eden space 262144K, 61% used [0x00000000e0000000,0x00000000e9cbe3a0,0x00000000f0000000)
  from space 92160K, 85% used [0x00000000fa600000,0x00000000ff2c4cc8,0x0000000100000000)
  to   space 131072K, 0% used [0x00000000f0000000,0x00000000f0000000,0x00000000f8000000)
 ParOldGen       total 500224K, used 291659K [0x00000000a0000000, 0x00000000be880000, 0x00000000e0000000)
  object space 500224K, 58% used [0x00000000a0000000,0x00000000b1cd2c98,0x00000000be880000)
 Metaspace       used 137382K, capacity 147222K, committed 152488K, reserved 1181696K
  class space    used 16624K, capacity 18352K, committed 20136K, reserved 1048576K
GC Heap History (10 events):
Event: 33385.431 GC heap before
{Heap before GC invocations=369 (full 21):
 PSYoungGen      total 401408K, used 67559K [0x00000000e0000000, 0x0000000100000000, 0x0000000100000000)
  eden space 333824K, 0% used [0x00000000e0000000,0x00000000e0000000,0x00000000f4600000)
  from space 67584K, 99% used [0x00000000fb500000,0x00000000ff6f9d88,0x00000000ff700000)
  to   space 95232K, 0% used [0x00000000f4600000,0x00000000f4600000,0x00000000fa300000)
 ParOldGen       total 407040K, used 378682K [0x00000000a0000000, 0x00000000b8d80000, 0x00000000e0000000)
  object space 407040K, 93% used [0x00000000a0000000,0x00000000b71ceb00,0x00000000b8d80000)
 Metaspace       used 137281K, capacity 147060K, committed 152488K, reserved 1181696K
  class space    used 16609K, capacity 18325K, committed 20136K, reserved 1048576K
Event: 33386.433 GC heap after
Heap after GC invocations=369 (full 21):
 PSYoungGen      total 401408K, used 0K [0x00000000e0000000, 0x0000000100000000, 0x0000000100000000)
  eden space 333824K, 0% used [0x00000000e0000000,0x00000000e0000000,0x00000000f4600000)
  from space 67584K, 0% used [0x00000000fb500000,0x00000000fb500000,0x00000000ff700000)
  to   space 95232K, 0% used [0x00000000f4600000,0x00000000f4600000,0x00000000fa300000)
 ParOldGen       total 500224K, used 220597K [0x00000000a0000000, 0x00000000be880000, 0x00000000e0000000)
  object space 500224K, 44% used [0x00000000a0000000,0x00000000ad76d410,0x00000000be880000)
 Metaspace       used 137281K, capacity 147060K, committed 152488K, reserved 1181696K
  class space    used 16609K, capacity 18325K, committed 20136K, reserved 1048576K
}
Event: 33405.593 GC heap before
{Heap before GC invocations=370 (full 21):
 PSYoungGen      total 401408K, used 333824K [0x00000000e0000000, 0x0000000100000000, 0x0000000100000000)
  eden space 333824K, 100% used [0x00000000e0000000,0x00000000f4600000,0x00000000f4600000)
  from space 67584K, 0% used [0x00000000fb500000,0x00000000fb500000,0x00000000ff700000)
  to   space 95232K, 0% used [0x00000000f4600000,0x00000000f4600000,0x00000000fa300000)
 ParOldGen       total 500224K, used 220597K [0x00000000a0000000, 0x00000000be880000, 0x00000000e0000000)
  object space 500224K, 44% used [0x00000000a0000000,0x00000000ad76d410,0x00000000be880000)
 Metaspace       used 137297K, capacity 147084K, committed 152488K, reserved 1181696K
  class space    used 16611K, capacity 18329K, committed 20136K, reserved 1048576K
Event: 33405.617 GC heap after
Heap after GC invocations=370 (full 21):
 PSYoungGen      total 429056K, used 26202K [0x00000000e0000000, 0x0000000100000000, 0x0000000100000000)
  eden space 333824K, 0% used [0x00000000e0000000,0x00000000e0000000,0x00000000f4600000)
  from space 95232K, 27% used [0x00000000f4600000,0x00000000f5f96a08,0x00000000fa300000)
  to   space 88576K, 0% used [0x00000000fa980000,0x00000000fa980000,0x0000000100000000)
 ParOldGen       total 500224K, used 220597K [0x00000000a0000000, 0x00000000be880000, 0x00000000e0000000)
  object space 500224K, 44% used [0x00000000a0000000,0x00000000ad76d410,0x00000000be880000)
 Metaspace       used 137297K, capacity 147084K, committed 152488K, reserved 1181696K
  class space    used 16611K, capacity 18329K, committed 20136K, reserved 1048576K
}
Event: 33468.165 GC heap before
{Heap before GC invocations=371 (full 21):
 PSYoungGen      total 429056K, used 360026K [0x00000000e0000000, 0x0000000100000000, 0x0000000100000000)
  eden space 333824K, 100% used [0x00000000e0000000,0x00000000f4600000,0x00000000f4600000)
  from space 95232K, 27% used [0x00000000f4600000,0x00000000f5f96a08,0x00000000fa300000)
  to   space 88576K, 0% used [0x00000000fa980000,0x00000000fa980000,0x0000000100000000)
 ParOldGen       total 500224K, used 220597K [0x00000000a0000000, 0x00000000be880000, 0x00000000e0000000)
  object space 500224K, 44% used [0x00000000a0000000,0x00000000ad76d410,0x00000000be880000)
 Metaspace       used 137382K, capacity 147222K, committed 152488K, reserved 1181696K
  class space    used 16624K, capacity 18352K, committed 20136K, reserved 1048576K
Event: 33468.208 GC heap after
Heap after GC invocations=371 (full 21):
 PSYoungGen      total 428544K, used 51913K [0x00000000e0000000, 0x00000000fff80000, 0x0000000100000000)
  eden space 340480K, 0% used [0x00000000e0000000,0x00000000e0000000,0x00000000f4c80000)
  from space 88064K, 58% used [0x00000000fa980000,0x00000000fdc32718,0x00000000fff80000)
  to   space 91648K, 0% used [0x00000000f4c80000,0x00000000f4c80000,0x00000000fa600000)
 ParOldGen       total 500224K, used 220597K [0x00000000a0000000, 0x00000000be880000, 0x00000000e0000000)
  object space 500224K, 44% used [0x00000000a0000000,0x00000000ad76d410,0x00000000be880000)
 Metaspace       used 137382K, capacity 147222K, committed 152488K, reserved 1181696K
  class space    used 16624K, capacity 18352K, committed 20136K, reserved 1048576K
}
Event: 33469.772 GC heap before
{Heap before GC invocations=372 (full 21):
 PSYoungGen      total 428544K, used 392393K [0x00000000e0000000, 0x00000000fff80000, 0x0000000100000000)
  eden space 340480K, 100% used [0x00000000e0000000,0x00000000f4c80000,0x00000000f4c80000)
  from space 88064K, 58% used [0x00000000fa980000,0x00000000fdc32718,0x00000000fff80000)
  to   space 91648K, 0% used [0x00000000f4c80000,0x00000000f4c80000,0x00000000fa600000)
 ParOldGen       total 500224K, used 220597K [0x00000000a0000000, 0x00000000be880000, 0x00000000e0000000)
  object space 500224K, 44% used [0x00000000a0000000,0x00000000ad76d410,0x00000000be880000)
 Metaspace       used 137382K, capacity 147222K, committed 152488K, reserved 1181696K
  class space    used 16624K, capacity 18352K, committed 20136K, reserved 1048576K
Event: 33469.992 GC heap after
Heap after GC invocations=372 (full 21):
 PSYoungGen      total 432128K, used 91630K [0x00000000e0000000, 0x0000000100000000, 0x0000000100000000)
  eden space 340480K, 0% used [0x00000000e0000000,0x00000000e0000000,0x00000000f4c80000)
  from space 91648K, 99% used [0x00000000f4c80000,0x00000000fa5fb9a8,0x00000000fa600000)
  to   space 92160K, 0% used [0x00000000fa600000,0x00000000fa600000,0x0000000100000000)
 ParOldGen       total 500224K, used 265620K [0x00000000a0000000, 0x00000000be880000, 0x00000000e0000000)
  object space 500224K, 53% used [0x00000000a0000000,0x00000000b0365090,0x00000000be880000)
 Metaspace       used 137382K, capacity 147222K, committed 152488K, reserved 1181696K
  class space    used 16624K, capacity 18352K, committed 20136K, reserved 1048576K
}
Event: 33475.645 GC heap before
{Heap before GC invocations=373 (full 21):
 PSYoungGen      total 432128K, used 432110K [0x00000000e0000000, 0x0000000100000000, 0x0000000100000000)
  eden space 340480K, 100% used [0x00000000e0000000,0x00000000f4c80000,0x00000000f4c80000)
  from space 91648K, 99% used [0x00000000f4c80000,0x00000000fa5fb9a8,0x00000000fa600000)
  to   space 92160K, 0% used [0x00000000fa600000,0x00000000fa600000,0x0000000100000000)
 ParOldGen       total 500224K, used 265620K [0x00000000a0000000, 0x00000000be880000, 0x00000000e0000000)
  object space 500224K, 53% used [0x00000000a0000000,0x00000000b0365090,0x00000000be880000)
 Metaspace       used 137382K, capacity 147222K, committed 152488K, reserved 1181696K
  class space    used 16624K, capacity 18352K, committed 20136K, reserved 1048576K
Event: 33475.780 GC heap after
Heap after GC invocations=373 (full 21):
 PSYoungGen      total 354304K, used 78611K [0x00000000e0000000, 0x0000000100000000, 0x0000000100000000)
  eden space 262144K, 0% used [0x00000000e0000000,0x00000000e0000000,0x00000000f0000000)
  from space 92160K, 85% used [0x00000000fa600000,0x00000000ff2c4cc8,0x0000000100000000)
  to   space 131072K, 0% used [0x00000000f0000000,0x00000000f0000000,0x00000000f8000000)
 ParOldGen       total 500224K, used 291659K [0x00000000a0000000, 0x00000000be880000, 0x00000000e0000000)
  object space 500224K, 58% used [0x00000000a0000000,0x00000000b1cd2c98,0x00000000be880000)
 Metaspace       used 137382K, capacity 147222K, committed 152488K, reserved 1181696K
  class space    used 16624K, capacity 18352K, committed 20136K, reserved 1048576K
}

